 2025-06-30 18:01:11,813 - INFO - HEALTH: Health check requested
2025-06-30 18:01:11,824 - INFO - 127.0.0.1 - - [30/Jun/2025 18:01:11] "GET /health HTTP/1.1" 200 -
2025-06-30 18:01:13,699 - INFO - HEALTH: Health check requested
2025-06-30 18:01:13,708 - INFO - 127.0.0.1 - - [30/Jun/2025 18:01:13] "GET /health HTTP/1.1" 200 -
2025-06-30 18:01:13,822 - INFO - STARTING: [req_1751285773_3137] Starting resume analysis...
2025-06-30 18:01:13,824 - INFO - RECEIVED: [req_1751285773_3137] Received JSON request with text length: 1610
2025-06-30 18:01:13,825 - INFO - PROCESSING: [req_1751285773_3137] Processing text: Curriculum Vitae - Pramod Singh
Personal Information
Name: Pramod Singh
Email: pramod.singh@email.co...
2025-06-30 18:01:13,827 - INFO - ANALYZING: [req_1751285773_3137] Starting analysis pipeline...
2025-06-30 18:01:13,827 - INFO - ANALYZING: Extracting skills from text...
2025-06-30 18:01:13,988 - INFO - SUCCESS: Extracted 14 skills: ['communication', 'mongodb', 'adaptability', 'javascript', 'react', 'php', 'c++', 'git', 'github', 'authentication']...
2025-06-30 18:01:13,990 - INFO - ANALYZING: Extracting experience years from text...
2025-06-30 18:01:13,992 - INFO - SUCCESS: Extracted 6 total years of experience
2025-06-30 18:01:13,992 - INFO - ANALYZING: Extracting keywords from text...
2025-06-30 18:01:14,070 - INFO - SUCCESS: Extracted 20 keywords
2025-06-30 18:01:14,071 - INFO - ANALYZING: Predicting career domains...
2025-06-30 18:01:14,072 - INFO - SUCCESS: Predicted career domains: ['Software Development', 'Data Science', 'Finance']
2025-06-30 18:01:14,073 - INFO - ANALYZING: Identifying learning gaps...
2025-06-30 18:01:14,074 - INFO - SUCCESS: Identified 3 learning gaps
2025-06-30 18:01:14,074 - INFO - ANALYZING: Analyzing personality traits...
2025-06-30 18:01:14,075 - INFO - SUCCESS: Identified personality traits: ['Adaptable', 'Leadership', 'Collaborative']
2025-06-30 18:01:14,076 - INFO - ANALYZING: Categorizing skills...
2025-06-30 18:01:14,077 - INFO - SUCCESS: Categorized skills: 14 total
2025-06-30 18:01:14,078 - INFO - ANALYZING: Generating learning recommendations...
2025-06-30 18:01:14,078 - INFO - SUCCESS: Generated 3 learning recommendation sets
2025-06-30 18:01:14,079 - INFO - ANALYZING: Extracting education information...
2025-06-30 18:01:14,082 - INFO - SUCCESS: Extracted education info: 0 degrees, 1 institutions
2025-06-30 18:01:14,097 - INFO - DATABASE: Analysis saved for user 070708c5-2f41-4f21-a3f7-7e3dd60c34b2
2025-06-30 18:01:14,099 - INFO - COMPLETED: [req_1751285773_3137] Analysis completed successfully in 260.89ms
2025-06-30 18:01:14,100 - INFO - RESULTS: [req_1751285773_3137] Results: 14 skills, 3 domains, 3 gaps
2025-06-30 18:01:14,101 - INFO - 127.0.0.1 - - [30/Jun/2025 18:01:14] "POST /analyze-resume HTTP/1.1" 200 -
2025-06-30 18:17:08,681 - INFO - HEALTH: Health check requested
2025-06-30 18:17:08,683 - INFO - 127.0.0.1 - - [30/Jun/2025 18:17:08] "GET /health HTTP/1.1" 200 -
2025-06-30 18:17:08,848 - INFO - STARTING: [req_1751286728_4461] Starting resume analysis...
2025-06-30 18:17:08,850 - INFO - RECEIVED: [req_1751286728_4461] Received JSON request with text length: 1610
2025-06-30 18:17:08,851 - INFO - PROCESSING: [req_1751286728_4461] Processing text: Curriculum Vitae - Pramod Singh
Personal Information
Name: Pramod Singh
Email: pramod.singh@email.co...
2025-06-30 18:17:08,862 - INFO - ANALYZING: [req_1751286728_4461] Starting analysis pipeline...
2025-06-30 18:17:08,864 - INFO - ANALYZING: Extracting skills from text...
2025-06-30 18:17:09,076 - INFO - SUCCESS: Extracted 14 skills: ['communication', 'mongodb', 'adaptability', 'javascript', 'react', 'php', 'c++', 'git', 'github', 'authentication']...
2025-06-30 18:17:09,078 - INFO - ANALYZING: Extracting experience years from text...
2025-06-30 18:17:09,080 - INFO - SUCCESS: Extracted 6 total years of experience
2025-06-30 18:17:09,080 - INFO - ANALYZING: Extracting keywords from text...
2025-06-30 18:17:09,261 - INFO - SUCCESS: Extracted 20 keywords
2025-06-30 18:17:09,263 - INFO - ANALYZING: Predicting career domains...
2025-06-30 18:17:09,264 - INFO - SUCCESS: Predicted career domains: ['Software Development', 'Data Science', 'Finance']
2025-06-30 18:17:09,266 - INFO - ANALYZING: Identifying learning gaps...
2025-06-30 18:17:09,271 - INFO - SUCCESS: Identified 3 learning gaps
2025-06-30 18:17:09,274 - INFO - ANALYZING: Analyzing personality traits...
2025-06-30 18:17:09,275 - INFO - SUCCESS: Identified personality traits: ['Adaptable', 'Leadership', 'Collaborative']
2025-06-30 18:17:09,276 - INFO - ANALYZING: Categorizing skills...
2025-06-30 18:17:09,279 - INFO - SUCCESS: Categorized skills: 14 total
2025-06-30 18:17:09,281 - INFO - ANALYZING: Generating learning recommendations...
2025-06-30 18:17:09,281 - INFO - SUCCESS: Generated 3 learning recommendation sets
2025-06-30 18:17:09,284 - INFO - ANALYZING: Extracting education information...
2025-06-30 18:17:09,294 - INFO - SUCCESS: Extracted education info: 0 degrees, 1 institutions
2025-06-30 18:17:09,337 - INFO - DATABASE: Analysis saved for user 6b5a1845-a721-44ea-ba16-271da8864189
2025-06-30 18:17:09,340 - INFO - COMPLETED: [req_1751286728_4461] Analysis completed successfully in 449.00ms
2025-06-30 18:17:09,341 - INFO - RESULTS: [req_1751286728_4461] Results: 14 skills, 3 domains, 3 gaps
2025-06-30 18:17:09,343 - INFO - 127.0.0.1 - - [30/Jun/2025 18:17:09] "POST /analyze-resume HTTP/1.1" 200 -
2025-07-01 16:53:56,736 - INFO - Loading spaCy model...
2025-07-01 16:53:57,947 - INFO - SUCCESS: spaCy model loaded successfully
2025-07-01 16:53:57,951 - INFO - STARTING: Starting Enhanced Resume Analyzer API...
2025-07-01 16:53:57,952 - INFO - DATABASE: Initializing SQLite database...
2025-07-01 16:53:57,972 - INFO - DATABASE: Database initialized successfully
2025-07-01 16:53:57,972 - INFO - FEATURES: Enhanced features available:
2025-07-01 16:53:57,973 - INFO -   - 12 Career Domains
2025-07-01 16:53:57,974 - INFO -   - 3 Skill Categories
2025-07-01 16:53:57,974 - INFO -   - 6 Personality Traits
2025-07-01 16:53:57,975 - INFO -   - 6 Learning Resource Categories
2025-07-01 16:53:57,975 - INFO - ENDPOINTS: Available endpoints:
2025-07-01 16:53:57,976 - INFO -   - POST /analyze-resume - Enhanced resume analysis with personality, skills categorization, and learning recommendations
2025-07-01 16:53:57,977 - INFO -   - POST /skill-analysis - Detailed skill analysis and categorization
2025-07-01 16:53:57,978 - INFO -   - GET  /history - Get analysis history for a user
2025-07-01 16:53:57,978 - INFO -   - GET  /user-stats - Get user statistics
2025-07-01 16:53:57,979 - INFO -   - POST /generate-session - Generate new session ID
2025-07-01 16:53:57,980 - INFO -   - GET  /health - Health check and feature information
2025-07-01 16:53:57,981 - INFO -   - GET  /dashboard - User dashboard analytics
2025-07-01 16:53:58,060 - INFO - [31m[1mWARNING: This is a development server. Do not use it in a production deployment. Use a production WSGI server instead.[0m
 * Running on all addresses (0.0.0.0)
 * Running on http://127.0.0.1:5001
 * Running on http://192.168.18.190:5001
2025-07-01 16:53:58,062 - INFO - [33mPress CTRL+C to quit[0m
2025-07-02 16:48:43,446 - INFO - Loading spaCy model...
2025-07-02 16:48:44,733 - INFO - SUCCESS: spaCy model loaded successfully
2025-07-02 16:48:44,737 - INFO - STARTING: Starting Enhanced Resume Analyzer API...
2025-07-02 16:48:44,737 - INFO - DATABASE: Initializing SQLite database...
2025-07-02 16:48:44,756 - INFO - DATABASE: Database initialized successfully
2025-07-02 16:48:44,757 - INFO - FEATURES: Enhanced features available:
2025-07-02 16:48:44,758 - INFO -   - 12 Career Domains
2025-07-02 16:48:44,759 - INFO -   - 3 Skill Categories
2025-07-02 16:48:44,760 - INFO -   - 6 Personality Traits
2025-07-02 16:48:44,761 - INFO -   - 6 Learning Resource Categories
2025-07-02 16:48:44,762 - INFO - ENDPOINTS: Available endpoints:
2025-07-02 16:48:44,762 - INFO -   - POST /analyze-resume - Enhanced resume analysis with personality, skills categorization, and learning recommendations
2025-07-02 16:48:44,763 - INFO -   - POST /skill-analysis - Detailed skill analysis and categorization
2025-07-02 16:48:44,765 - INFO -   - GET  /history - Get analysis history for a user
2025-07-02 16:48:44,767 - INFO -   - GET  /user-stats - Get user statistics
2025-07-02 16:48:44,768 - INFO -   - POST /generate-session - Generate new session ID
2025-07-02 16:48:44,769 - INFO -   - GET  /health - Health check and feature information
2025-07-02 16:48:44,771 - INFO -   - GET  /dashboard - User dashboard analytics
2025-07-02 16:48:44,851 - INFO - [31m[1mWARNING: This is a development server. Do not use it in a production deployment. Use a production WSGI server instead.[0m
 * Running on all addresses (0.0.0.0)
 * Running on http://127.0.0.1:5001
 * Running on http://192.168.18.190:5001
2025-07-02 16:48:44,852 - INFO - [33mPress CTRL+C to quit[0m
2025-07-02 17:58:50,259 - INFO - HEALTH: Health check requested
2025-07-02 17:58:50,273 - INFO - 127.0.0.1 - - [02/Jul/2025 17:58:50] "GET /health HTTP/1.1" 200 -
2025-07-02 17:58:52,681 - INFO - HEALTH: Health check requested
2025-07-02 17:58:52,695 - INFO - 127.0.0.1 - - [02/Jul/2025 17:58:52] "GET /health HTTP/1.1" 200 -
2025-07-02 17:58:52,839 - INFO - STARTING: [req_1751458432_6125] Starting resume analysis...
2025-07-02 17:58:52,843 - INFO - RECEIVED: [req_1751458432_6125] Received JSON request with text length: 1610
2025-07-02 17:58:52,845 - INFO - PROCESSING: [req_1751458432_6125] Processing text: Curriculum Vitae - Pramod Singh
Personal Information
Name: Pramod Singh
Email: pramod.singh@email.co...
2025-07-02 17:58:52,848 - INFO - ANALYZING: [req_1751458432_6125] Starting analysis pipeline...
2025-07-02 17:58:52,851 - INFO - ANALYZING: Extracting skills from text...
2025-07-02 17:58:53,109 - INFO - SUCCESS: Extracted 14 skills: ['javascript', 'python', 'communication', 'mysql', 'php', 'github', 'c++', 'teamwork', 'mongodb', 'react']...
2025-07-02 17:58:53,111 - INFO - ANALYZING: Extracting experience years from text...
2025-07-02 17:58:53,114 - INFO - SUCCESS: Extracted 6 total years of experience
2025-07-02 17:58:53,115 - INFO - ANALYZING: Extracting keywords from text...
2025-07-02 17:58:53,207 - INFO - SUCCESS: Extracted 20 keywords
2025-07-02 17:58:53,208 - INFO - ANALYZING: Predicting career domains...
2025-07-02 17:58:53,210 - INFO - SUCCESS: Predicted career domains: ['Software Development', 'Data Science', 'Finance']
2025-07-02 17:58:53,211 - INFO - ANALYZING: Identifying learning gaps...
2025-07-02 17:58:53,212 - INFO - SUCCESS: Identified 3 learning gaps
2025-07-02 17:58:53,213 - INFO - ANALYZING: Analyzing personality traits...
2025-07-02 17:58:53,215 - INFO - SUCCESS: Identified personality traits: ['Adaptable', 'Leadership', 'Collaborative']
2025-07-02 17:58:53,217 - INFO - ANALYZING: Categorizing skills...
2025-07-02 17:58:53,219 - INFO - SUCCESS: Categorized skills: 14 total
2025-07-02 17:58:53,221 - INFO - ANALYZING: Generating learning recommendations...
2025-07-02 17:58:53,223 - INFO - SUCCESS: Generated 3 learning recommendation sets
2025-07-02 17:58:53,224 - INFO - ANALYZING: Extracting education information...
2025-07-02 17:58:53,229 - INFO - SUCCESS: Extracted education info: 0 degrees, 1 institutions
2025-07-02 17:58:53,252 - INFO - DATABASE: Analysis saved for user b47b40de-5ef5-419d-9a54-570dcfcae7c8
2025-07-02 17:58:53,253 - INFO - COMPLETED: [req_1751458432_6125] Analysis completed successfully in 390.42ms
2025-07-02 17:58:53,255 - INFO - RESULTS: [req_1751458432_6125] Results: 14 skills, 3 domains, 3 gaps
2025-07-02 17:58:53,257 - INFO - 127.0.0.1 - - [02/Jul/2025 17:58:53] "POST /analyze-resume HTTP/1.1" 200 -
2025-07-02 18:18:05,768 - INFO - HEALTH: Health check requested
2025-07-02 18:18:05,770 - INFO - 127.0.0.1 - - [02/Jul/2025 18:18:05] "GET /health HTTP/1.1" 200 -
2025-07-02 18:18:05,854 - INFO - STARTING: [req_1751459585_9630] Starting resume analysis...
2025-07-02 18:18:05,857 - INFO - RECEIVED: [req_1751459585_9630] Received JSON request with text length: 1610
2025-07-02 18:18:05,859 - INFO - PROCESSING: [req_1751459585_9630] Processing text: Curriculum Vitae - Pramod Singh
Personal Information
Name: Pramod Singh
Email: pramod.singh@email.co...
2025-07-02 18:18:05,861 - INFO - ANALYZING: [req_1751459585_9630] Starting analysis pipeline...
2025-07-02 18:18:05,862 - INFO - ANALYZING: Extracting skills from text...
2025-07-02 18:18:05,957 - INFO - SUCCESS: Extracted 14 skills: ['javascript', 'python', 'communication', 'mysql', 'php', 'github', 'c++', 'teamwork', 'mongodb', 'react']...
2025-07-02 18:18:05,958 - INFO - ANALYZING: Extracting experience years from text...
2025-07-02 18:18:05,959 - INFO - SUCCESS: Extracted 6 total years of experience
2025-07-02 18:18:05,960 - INFO - ANALYZING: Extracting keywords from text...
2025-07-02 18:18:06,045 - INFO - SUCCESS: Extracted 20 keywords
2025-07-02 18:18:06,045 - INFO - ANALYZING: Predicting career domains...
2025-07-02 18:18:06,046 - INFO - SUCCESS: Predicted career domains: ['Software Development', 'Data Science', 'Finance']
2025-07-02 18:18:06,047 - INFO - ANALYZING: Identifying learning gaps...
2025-07-02 18:18:06,048 - INFO - SUCCESS: Identified 3 learning gaps
2025-07-02 18:18:06,049 - INFO - ANALYZING: Analyzing personality traits...
2025-07-02 18:18:06,051 - INFO - SUCCESS: Identified personality traits: ['Adaptable', 'Leadership', 'Collaborative']
2025-07-02 18:18:06,053 - INFO - ANALYZING: Categorizing skills...
2025-07-02 18:18:06,053 - INFO - SUCCESS: Categorized skills: 14 total
2025-07-02 18:18:06,054 - INFO - ANALYZING: Generating learning recommendations...
2025-07-02 18:18:06,055 - INFO - SUCCESS: Generated 3 learning recommendation sets
2025-07-02 18:18:06,055 - INFO - ANALYZING: Extracting education information...
2025-07-02 18:18:06,056 - INFO - SUCCESS: Extracted education info: 0 degrees, 1 institutions
2025-07-02 18:18:06,074 - INFO - DATABASE: Analysis saved for user da7ab430-9c87-45fa-b216-d3bf41ac110b
2025-07-02 18:18:06,076 - INFO - COMPLETED: [req_1751459585_9630] Analysis completed successfully in 203.01ms
2025-07-02 18:18:06,077 - INFO - RESULTS: [req_1751459585_9630] Results: 14 skills, 3 domains, 3 gaps
2025-07-02 18:18:06,079 - INFO - 127.0.0.1 - - [02/Jul/2025 18:18:06] "POST /analyze-resume HTTP/1.1" 200 -
2025-07-02 19:42:43,019 - INFO - HEALTH: Health check requested
2025-07-02 19:42:43,031 - INFO - 127.0.0.1 - - [02/Jul/2025 19:42:43] "GET /health HTTP/1.1" 200 -
2025-07-02 19:42:44,432 - INFO - HEALTH: Health check requested
2025-07-02 19:42:44,434 - INFO - 127.0.0.1 - - [02/Jul/2025 19:42:44] "GET /health HTTP/1.1" 200 -
2025-07-02 19:42:44,506 - INFO - STARTING: [req_1751464664_814] Starting resume analysis...
2025-07-02 19:42:44,511 - INFO - RECEIVED: [req_1751464664_814] Received JSON request with text length: 1610
2025-07-02 19:42:44,514 - INFO - PROCESSING: [req_1751464664_814] Processing text: Curriculum Vitae - Pramod Singh
Personal Information
Name: Pramod Singh
Email: pramod.singh@email.co...
2025-07-02 19:42:44,517 - INFO - ANALYZING: [req_1751464664_814] Starting analysis pipeline...
2025-07-02 19:42:44,518 - INFO - ANALYZING: Extracting skills from text...
2025-07-02 19:42:44,667 - INFO - SUCCESS: Extracted 14 skills: ['javascript', 'python', 'communication', 'mysql', 'php', 'github', 'c++', 'teamwork', 'mongodb', 'react']...
2025-07-02 19:42:44,669 - INFO - ANALYZING: Extracting experience years from text...
2025-07-02 19:42:44,669 - INFO - SUCCESS: Extracted 6 total years of experience
2025-07-02 19:42:44,670 - INFO - ANALYZING: Extracting keywords from text...
2025-07-02 19:42:44,824 - INFO - SUCCESS: Extracted 20 keywords
2025-07-02 19:42:44,826 - INFO - ANALYZING: Predicting career domains...
2025-07-02 19:42:44,827 - INFO - SUCCESS: Predicted career domains: ['Software Development', 'Data Science', 'Finance']
2025-07-02 19:42:44,828 - INFO - ANALYZING: Identifying learning gaps...
2025-07-02 19:42:44,833 - INFO - SUCCESS: Identified 3 learning gaps
2025-07-02 19:42:44,834 - INFO - ANALYZING: Analyzing personality traits...
2025-07-02 19:42:44,835 - INFO - SUCCESS: Identified personality traits: ['Adaptable', 'Leadership', 'Collaborative']
2025-07-02 19:42:44,836 - INFO - ANALYZING: Categorizing skills...
2025-07-02 19:42:44,837 - INFO - SUCCESS: Categorized skills: 14 total
2025-07-02 19:42:44,837 - INFO - ANALYZING: Generating learning recommendations...
2025-07-02 19:42:44,838 - INFO - SUCCESS: Generated 3 learning recommendation sets
2025-07-02 19:42:44,841 - INFO - ANALYZING: Extracting education information...
2025-07-02 19:42:44,842 - INFO - SUCCESS: Extracted education info: 0 degrees, 1 institutions
2025-07-02 19:42:44,865 - INFO - DATABASE: Analysis saved for user 5367d264-5dd5-49d6-bd45-1d1aea03f5e3
2025-07-02 19:42:44,867 - INFO - COMPLETED: [req_1751464664_814] Analysis completed successfully in 344.19ms
2025-07-02 19:42:44,869 - INFO - RESULTS: [req_1751464664_814] Results: 14 skills, 3 domains, 3 gaps
2025-07-02 19:42:44,871 - INFO - 127.0.0.1 - - [02/Jul/2025 19:42:44] "POST /analyze-resume HTTP/1.1" 200 -
2025-07-02 19:44:26,682 - INFO - HEALTH: Health check requested
2025-07-02 19:44:26,686 - INFO - 127.0.0.1 - - [02/Jul/2025 19:44:26] "GET /health HTTP/1.1" 200 -
2025-07-02 19:44:28,783 - INFO - HEALTH: Health check requested
2025-07-02 19:44:28,787 - INFO - 127.0.0.1 - - [02/Jul/2025 19:44:28] "GET /health HTTP/1.1" 200 -
2025-07-02 19:44:28,861 - INFO - STARTING: [req_1751464768_986] Starting resume analysis...
2025-07-02 19:44:28,862 - INFO - RECEIVED: [req_1751464768_986] Received JSON request with text length: 1610
2025-07-02 19:44:28,864 - INFO - PROCESSING: [req_1751464768_986] Processing text: Curriculum Vitae - Pramod Singh
Personal Information
Name: Pramod Singh
Email: pramod.singh@email.co...
2025-07-02 19:44:28,867 - INFO - ANALYZING: [req_1751464768_986] Starting analysis pipeline...
2025-07-02 19:44:28,867 - INFO - ANALYZING: Extracting skills from text...
2025-07-02 19:44:28,973 - INFO - SUCCESS: Extracted 14 skills: ['javascript', 'python', 'communication', 'mysql', 'php', 'github', 'c++', 'teamwork', 'mongodb', 'react']...
2025-07-02 19:44:28,975 - INFO - ANALYZING: Extracting experience years from text...
2025-07-02 19:44:28,976 - INFO - SUCCESS: Extracted 6 total years of experience
2025-07-02 19:44:28,976 - INFO - ANALYZING: Extracting keywords from text...
2025-07-02 19:44:29,071 - INFO - SUCCESS: Extracted 20 keywords
2025-07-02 19:44:29,072 - INFO - ANALYZING: Predicting career domains...
2025-07-02 19:44:29,073 - INFO - SUCCESS: Predicted career domains: ['Software Development', 'Data Science', 'Finance']
2025-07-02 19:44:29,074 - INFO - ANALYZING: Identifying learning gaps...
2025-07-02 19:44:29,075 - INFO - SUCCESS: Identified 3 learning gaps
2025-07-02 19:44:29,075 - INFO - ANALYZING: Analyzing personality traits...
2025-07-02 19:44:29,077 - INFO - SUCCESS: Identified personality traits: ['Adaptable', 'Leadership', 'Collaborative']
2025-07-02 19:44:29,078 - INFO - ANALYZING: Categorizing skills...
2025-07-02 19:44:29,079 - INFO - SUCCESS: Categorized skills: 14 total
2025-07-02 19:44:29,079 - INFO - ANALYZING: Generating learning recommendations...
2025-07-02 19:44:29,080 - INFO - SUCCESS: Generated 3 learning recommendation sets
2025-07-02 19:44:29,081 - INFO - ANALYZING: Extracting education information...
2025-07-02 19:44:29,082 - INFO - SUCCESS: Extracted education info: 0 degrees, 1 institutions
2025-07-02 19:44:29,102 - INFO - DATABASE: Analysis saved for user 6356e697-7793-49db-af06-e7cb25b18da2
2025-07-02 19:44:29,105 - INFO - COMPLETED: [req_1751464768_986] Analysis completed successfully in 221.13ms
2025-07-02 19:44:29,106 - INFO - RESULTS: [req_1751464768_986] Results: 14 skills, 3 domains, 3 gaps
2025-07-02 19:44:29,108 - INFO - 127.0.0.1 - - [02/Jul/2025 19:44:29] "POST /analyze-resume HTTP/1.1" 200 -
2025-07-02 19:50:17,423 - INFO - HEALTH: Health check requested
2025-07-02 19:50:17,425 - INFO - 127.0.0.1 - - [02/Jul/2025 19:50:17] "GET /health HTTP/1.1" 200 -
2025-07-02 19:50:19,375 - INFO - HEALTH: Health check requested
2025-07-02 19:50:19,376 - INFO - 127.0.0.1 - - [02/Jul/2025 19:50:19] "GET /health HTTP/1.1" 200 -
2025-07-02 19:50:19,474 - INFO - STARTING: [req_1751465119_8681] Starting resume analysis...
2025-07-02 19:50:19,475 - INFO - RECEIVED: [req_1751465119_8681] Received JSON request with text length: 1610
2025-07-02 19:50:19,476 - INFO - PROCESSING: [req_1751465119_8681] Processing text: Curriculum Vitae - Pramod Singh
Personal Information
Name: Pramod Singh
Email: pramod.singh@email.co...
2025-07-02 19:50:19,479 - INFO - ANALYZING: [req_1751465119_8681] Starting analysis pipeline...
2025-07-02 19:50:19,480 - INFO - ANALYZING: Extracting skills from text...
2025-07-02 19:50:19,598 - INFO - SUCCESS: Extracted 14 skills: ['javascript', 'python', 'communication', 'mysql', 'php', 'github', 'c++', 'teamwork', 'mongodb', 'react']...
2025-07-02 19:50:19,599 - INFO - ANALYZING: Extracting experience years from text...
2025-07-02 19:50:19,600 - INFO - SUCCESS: Extracted 6 total years of experience
2025-07-02 19:50:19,601 - INFO - ANALYZING: Extracting keywords from text...
2025-07-02 19:50:19,693 - INFO - SUCCESS: Extracted 20 keywords
2025-07-02 19:50:19,696 - INFO - ANALYZING: Predicting career domains...
2025-07-02 19:50:19,697 - INFO - SUCCESS: Predicted career domains: ['Software Development', 'Data Science', 'Finance']
2025-07-02 19:50:19,698 - INFO - ANALYZING: Identifying learning gaps...
2025-07-02 19:50:19,699 - INFO - SUCCESS: Identified 3 learning gaps
2025-07-02 19:50:19,700 - INFO - ANALYZING: Analyzing personality traits...
2025-07-02 19:50:19,701 - INFO - SUCCESS: Identified personality traits: ['Adaptable', 'Leadership', 'Collaborative']
2025-07-02 19:50:19,702 - INFO - ANALYZING: Categorizing skills...
2025-07-02 19:50:19,703 - INFO - SUCCESS: Categorized skills: 14 total
2025-07-02 19:50:19,704 - INFO - ANALYZING: Generating learning recommendations...
2025-07-02 19:50:19,705 - INFO - SUCCESS: Generated 3 learning recommendation sets
2025-07-02 19:50:19,705 - INFO - ANALYZING: Extracting education information...
2025-07-02 19:50:19,707 - INFO - SUCCESS: Extracted education info: 0 degrees, 1 institutions
2025-07-02 19:50:19,723 - INFO - DATABASE: Analysis saved for user 4ad279e9-11e8-4c5a-bd2b-1eba33eb2100
2025-07-02 19:50:19,725 - INFO - COMPLETED: [req_1751465119_8681] Analysis completed successfully in 233.00ms
2025-07-02 19:50:19,726 - INFO - RESULTS: [req_1751465119_8681] Results: 14 skills, 3 domains, 3 gaps
2025-07-02 19:50:19,730 - INFO - 127.0.0.1 - - [02/Jul/2025 19:50:19] "POST /analyze-resume HTTP/1.1" 200 -
2025-07-03 15:39:38,653 - INFO - Loading spaCy model...
2025-07-03 15:39:40,050 - INFO - SUCCESS: spaCy model loaded successfully
2025-07-03 15:39:40,055 - INFO - STARTING: Starting Enhanced Resume Analyzer API...
2025-07-03 15:39:40,055 - INFO - DATABASE: Initializing SQLite database...
2025-07-03 15:39:40,071 - INFO - DATABASE: Database initialized successfully
2025-07-03 15:39:40,072 - INFO - FEATURES: Enhanced features available:
2025-07-03 15:39:40,072 - INFO -   - 12 Career Domains
2025-07-03 15:39:40,073 - INFO -   - 3 Skill Categories
2025-07-03 15:39:40,073 - INFO -   - 6 Personality Traits
2025-07-03 15:39:40,074 - INFO -   - 6 Learning Resource Categories
2025-07-03 15:39:40,074 - INFO - ENDPOINTS: Available endpoints:
2025-07-03 15:39:40,075 - INFO -   - POST /analyze-resume - Enhanced resume analysis with personality, skills categorization, and learning recommendations
2025-07-03 15:39:40,076 - INFO -   - POST /skill-analysis - Detailed skill analysis and categorization
2025-07-03 15:39:40,076 - INFO -   - GET  /history - Get analysis history for a user
2025-07-03 15:39:40,077 - INFO -   - GET  /user-stats - Get user statistics
2025-07-03 15:39:40,078 - INFO -   - POST /generate-session - Generate new session ID
2025-07-03 15:39:40,079 - INFO -   - GET  /health - Health check and feature information
2025-07-03 15:39:40,080 - INFO -   - GET  /dashboard - User dashboard analytics
2025-07-03 15:39:40,170 - INFO - [31m[1mWARNING: This is a development server. Do not use it in a production deployment. Use a production WSGI server instead.[0m
 * Running on all addresses (0.0.0.0)
 * Running on http://127.0.0.1:5001
 * Running on http://192.168.18.190:5001
2025-07-03 15:39:40,172 - INFO - [33mPress CTRL+C to quit[0m
2025-07-03 15:50:49,234 - INFO - HEALTH: Health check requested
2025-07-03 15:50:49,254 - INFO - 127.0.0.1 - - [03/Jul/2025 15:50:49] "GET /health HTTP/1.1" 200 -
2025-07-03 15:50:49,613 - INFO - STARTING: [req_1751537149_4575] Starting resume analysis...
2025-07-03 15:50:49,614 - INFO - RECEIVED: [req_1751537149_4575] Received JSON request with text length: 972
2025-07-03 15:50:49,615 - INFO - PROCESSING: [req_1751537149_4575] Processing text: Curriculum Vitae
Personal Information
Name: Aayush Karki
Email: aayush.karki@email.com
Phone: +977-9...
2025-07-03 15:50:49,617 - INFO - ANALYZING: [req_1751537149_4575] Starting analysis pipeline...
2025-07-03 15:50:49,618 - INFO - ANALYZING: Extracting skills from text...
2025-07-03 15:50:49,729 - INFO - SUCCESS: Extracted 7 skills: ['javascript', 'github', 'authentication', 'react', 'figma', 'git', 'typescript']...
2025-07-03 15:50:49,730 - INFO - ANALYZING: Extracting experience years from text...
2025-07-03 15:50:49,732 - INFO - SUCCESS: Extracted 4 total years of experience
2025-07-03 15:50:49,732 - INFO - ANALYZING: Extracting keywords from text...
2025-07-03 15:50:49,785 - INFO - SUCCESS: Extracted 20 keywords
2025-07-03 15:50:49,786 - INFO - ANALYZING: Predicting career domains...
2025-07-03 15:50:49,787 - INFO - SUCCESS: Predicted career domains: ['Software Development', 'Design & Creative', 'Marketing']
2025-07-03 15:50:49,789 - INFO - ANALYZING: Identifying learning gaps...
2025-07-03 15:50:49,790 - INFO - SUCCESS: Identified 3 learning gaps
2025-07-03 15:50:49,792 - INFO - ANALYZING: Analyzing personality traits...
2025-07-03 15:50:49,793 - INFO - SUCCESS: Identified personality traits: ['Creative', 'Collaborative', 'Adaptable']
2025-07-03 15:50:49,794 - INFO - ANALYZING: Categorizing skills...
2025-07-03 15:50:49,795 - INFO - SUCCESS: Categorized skills: 7 total
2025-07-03 15:50:49,796 - INFO - ANALYZING: Generating learning recommendations...
2025-07-03 15:50:49,797 - INFO - SUCCESS: Generated 3 learning recommendation sets
2025-07-03 15:50:49,798 - INFO - ANALYZING: Extracting education information...
2025-07-03 15:50:49,801 - INFO - SUCCESS: Extracted education info: 0 degrees, 1 institutions
2025-07-03 15:50:49,819 - INFO - DATABASE: Analysis saved for user 4b9ade9d-1be7-4b18-a796-baa0e0482b56
2025-07-03 15:50:49,820 - INFO - COMPLETED: [req_1751537149_4575] Analysis completed successfully in 188.44ms
2025-07-03 15:50:49,822 - INFO - RESULTS: [req_1751537149_4575] Results: 7 skills, 3 domains, 3 gaps
2025-07-03 15:50:49,824 - INFO - 127.0.0.1 - - [03/Jul/2025 15:50:49] "POST /analyze-resume HTTP/1.1" 200 -
2025-07-03 15:52:16,340 - INFO - HEALTH: Health check requested
2025-07-03 15:52:16,341 - INFO - 127.0.0.1 - - [03/Jul/2025 15:52:16] "GET /health HTTP/1.1" 200 -
2025-07-03 15:52:18,574 - INFO - HEALTH: Health check requested
2025-07-03 15:52:18,575 - INFO - 127.0.0.1 - - [03/Jul/2025 15:52:18] "GET /health HTTP/1.1" 200 -
2025-07-03 15:52:18,650 - INFO - STARTING: [req_1751537238_9288] Starting resume analysis...
2025-07-03 15:52:18,653 - INFO - RECEIVED: [req_1751537238_9288] Received JSON request with text length: 1034
2025-07-03 15:52:18,654 - INFO - PROCESSING: [req_1751537238_9288] Processing text: Curriculum Vitae
Personal Information
Name: Binita Sharma
Email: binita.sharma@email.com
Phone: +977...
2025-07-03 15:52:18,657 - INFO - ANALYZING: [req_1751537238_9288] Starting analysis pipeline...
2025-07-03 15:52:18,658 - INFO - ANALYZING: Extracting skills from text...
2025-07-03 15:52:18,730 - INFO - SUCCESS: Extracted 10 skills: ['github', 'matplotlib', 'sql', 'mysql', 'python', 'sales', 'statistics', 'numpy', 'r', 'pandas']...
2025-07-03 15:52:18,732 - INFO - ANALYZING: Extracting experience years from text...
2025-07-03 15:52:18,733 - INFO - SUCCESS: Extracted 4 total years of experience
2025-07-03 15:52:18,734 - INFO - ANALYZING: Extracting keywords from text...
2025-07-03 15:52:18,797 - INFO - SUCCESS: Extracted 20 keywords
2025-07-03 15:52:18,799 - INFO - ANALYZING: Predicting career domains...
2025-07-03 15:52:18,801 - INFO - SUCCESS: Predicted career domains: ['Data Science', 'Software Development', 'Finance']
2025-07-03 15:52:18,802 - INFO - ANALYZING: Identifying learning gaps...
2025-07-03 15:52:18,803 - INFO - SUCCESS: Identified 3 learning gaps
2025-07-03 15:52:18,804 - INFO - ANALYZING: Analyzing personality traits...
2025-07-03 15:52:18,805 - INFO - SUCCESS: Identified personality traits: ['Analytical', 'Creative']
2025-07-03 15:52:18,806 - INFO - ANALYZING: Categorizing skills...
2025-07-03 15:52:18,807 - INFO - SUCCESS: Categorized skills: 10 total
2025-07-03 15:52:18,807 - INFO - ANALYZING: Generating learning recommendations...
2025-07-03 15:52:18,808 - INFO - SUCCESS: Generated 5 learning recommendation sets
2025-07-03 15:52:18,809 - INFO - ANALYZING: Extracting education information...
2025-07-03 15:52:18,811 - INFO - SUCCESS: Extracted education info: 0 degrees, 1 institutions
2025-07-03 15:52:18,902 - INFO - DATABASE: Analysis saved for user 55378744-368e-4238-b7fb-237cac121a8b
2025-07-03 15:52:18,904 - INFO - COMPLETED: [req_1751537238_9288] Analysis completed successfully in 161.00ms
2025-07-03 15:52:18,905 - INFO - RESULTS: [req_1751537238_9288] Results: 10 skills, 3 domains, 3 gaps
2025-07-03 15:52:18,907 - INFO - 127.0.0.1 - - [03/Jul/2025 15:52:18] "POST /analyze-resume HTTP/1.1" 200 -
2025-07-03 16:07:37,979 - INFO - HEALTH: Health check requested
2025-07-03 16:07:37,981 - INFO - 127.0.0.1 - - [03/Jul/2025 16:07:37] "GET /health HTTP/1.1" 200 -
2025-07-03 16:07:38,450 - INFO - STARTING: [req_1751538158_3355] Starting resume analysis...
2025-07-03 16:07:38,451 - INFO - RECEIVED: [req_1751538158_3355] Received JSON request with text length: 1034
2025-07-03 16:07:38,452 - INFO - PROCESSING: [req_1751538158_3355] Processing text: Curriculum Vitae
Personal Information
Name: Binita Sharma
Email: binita.sharma@email.com
Phone: +977...
2025-07-03 16:07:38,455 - INFO - ANALYZING: [req_1751538158_3355] Starting analysis pipeline...
2025-07-03 16:07:38,455 - INFO - ANALYZING: Extracting skills from text...
2025-07-03 16:07:38,518 - INFO - SUCCESS: Extracted 10 skills: ['github', 'matplotlib', 'sql', 'mysql', 'python', 'sales', 'statistics', 'numpy', 'r', 'pandas']...
2025-07-03 16:07:38,520 - INFO - ANALYZING: Extracting experience years from text...
2025-07-03 16:07:38,521 - INFO - SUCCESS: Extracted 4 total years of experience
2025-07-03 16:07:38,521 - INFO - ANALYZING: Extracting keywords from text...
2025-07-03 16:07:38,577 - INFO - SUCCESS: Extracted 20 keywords
2025-07-03 16:07:38,578 - INFO - ANALYZING: Predicting career domains...
2025-07-03 16:07:38,579 - INFO - SUCCESS: Predicted career domains: ['Data Science', 'Software Development', 'Finance']
2025-07-03 16:07:38,580 - INFO - ANALYZING: Identifying learning gaps...
2025-07-03 16:07:38,581 - INFO - SUCCESS: Identified 3 learning gaps
2025-07-03 16:07:38,581 - INFO - ANALYZING: Analyzing personality traits...
2025-07-03 16:07:38,582 - INFO - SUCCESS: Identified personality traits: ['Analytical', 'Creative']
2025-07-03 16:07:38,583 - INFO - ANALYZING: Categorizing skills...
2025-07-03 16:07:38,584 - INFO - SUCCESS: Categorized skills: 10 total
2025-07-03 16:07:38,585 - INFO - ANALYZING: Generating learning recommendations...
2025-07-03 16:07:38,585 - INFO - SUCCESS: Generated 5 learning recommendation sets
2025-07-03 16:07:38,586 - INFO - ANALYZING: Extracting education information...
2025-07-03 16:07:38,587 - INFO - SUCCESS: Extracted education info: 0 degrees, 1 institutions
2025-07-03 16:07:38,606 - INFO - DATABASE: Analysis saved for user 96e88788-e628-4546-aa63-7491c0b6786f
2025-07-03 16:07:38,611 - INFO - COMPLETED: [req_1751538158_3355] Analysis completed successfully in 138.15ms
2025-07-03 16:07:38,612 - INFO - RESULTS: [req_1751538158_3355] Results: 10 skills, 3 domains, 3 gaps
2025-07-03 16:07:38,613 - INFO - 127.0.0.1 - - [03/Jul/2025 16:07:38] "POST /analyze-resume HTTP/1.1" 200 -
2025-07-03 16:14:35,641 - INFO - HEALTH: Health check requested
2025-07-03 16:14:35,644 - INFO - 127.0.0.1 - - [03/Jul/2025 16:14:35] "GET /health HTTP/1.1" 200 -
2025-07-03 16:14:38,211 - INFO - HEALTH: Health check requested
2025-07-03 16:14:38,212 - INFO - 127.0.0.1 - - [03/Jul/2025 16:14:38] "GET /health HTTP/1.1" 200 -
2025-07-03 16:14:38,423 - INFO - STARTING: [req_1751538578_1688] Starting resume analysis...
2025-07-03 16:14:38,424 - INFO - RECEIVED: [req_1751538578_1688] Received JSON request with text length: 1034
2025-07-03 16:14:38,425 - INFO - PROCESSING: [req_1751538578_1688] Processing text: Curriculum Vitae
Personal Information
Name: Binita Sharma
Email: binita.sharma@email.com
Phone: +977...
2025-07-03 16:14:38,428 - INFO - ANALYZING: [req_1751538578_1688] Starting analysis pipeline...
2025-07-03 16:14:38,428 - INFO - ANALYZING: Extracting skills from text...
2025-07-03 16:14:38,491 - INFO - SUCCESS: Extracted 10 skills: ['github', 'matplotlib', 'sql', 'mysql', 'python', 'sales', 'statistics', 'numpy', 'r', 'pandas']...
2025-07-03 16:14:38,493 - INFO - ANALYZING: Extracting experience years from text...
2025-07-03 16:14:38,493 - INFO - SUCCESS: Extracted 4 total years of experience
2025-07-03 16:14:38,494 - INFO - ANALYZING: Extracting keywords from text...
2025-07-03 16:14:38,550 - INFO - SUCCESS: Extracted 20 keywords
2025-07-03 16:14:38,551 - INFO - ANALYZING: Predicting career domains...
2025-07-03 16:14:38,552 - INFO - SUCCESS: Predicted career domains: ['Data Science', 'Software Development', 'Finance']
2025-07-03 16:14:38,553 - INFO - ANALYZING: Identifying learning gaps...
2025-07-03 16:14:38,554 - INFO - SUCCESS: Identified 3 learning gaps
2025-07-03 16:14:38,554 - INFO - ANALYZING: Analyzing personality traits...
2025-07-03 16:14:38,555 - INFO - SUCCESS: Identified personality traits: ['Analytical', 'Creative']
2025-07-03 16:14:38,556 - INFO - ANALYZING: Categorizing skills...
2025-07-03 16:14:38,557 - INFO - SUCCESS: Categorized skills: 10 total
2025-07-03 16:14:38,558 - INFO - ANALYZING: Generating learning recommendations...
2025-07-03 16:14:38,559 - INFO - SUCCESS: Generated 5 learning recommendation sets
2025-07-03 16:14:38,559 - INFO - ANALYZING: Extracting education information...
2025-07-03 16:14:38,560 - INFO - SUCCESS: Extracted education info: 0 degrees, 1 institutions
2025-07-03 16:14:38,576 - INFO - DATABASE: Analysis saved for user fe8cca7f-3f97-47a8-b670-b1192120a3af
2025-07-03 16:14:38,578 - INFO - COMPLETED: [req_1751538578_1688] Analysis completed successfully in 138.07ms
2025-07-03 16:14:38,579 - INFO - RESULTS: [req_1751538578_1688] Results: 10 skills, 3 domains, 3 gaps
2025-07-03 16:14:38,580 - INFO - 127.0.0.1 - - [03/Jul/2025 16:14:38] "POST /analyze-resume HTTP/1.1" 200 -
2025-07-03 16:22:39,945 - INFO - HEALTH: Health check requested
2025-07-03 16:22:40,031 - INFO - 127.0.0.1 - - [03/Jul/2025 16:22:40] "GET /health HTTP/1.1" 200 -
2025-07-03 16:22:46,151 - INFO - HEALTH: Health check requested
2025-07-03 16:22:46,152 - INFO - 127.0.0.1 - - [03/Jul/2025 16:22:46] "GET /health HTTP/1.1" 200 -
2025-07-03 16:22:46,303 - INFO - STARTING: [req_1751539066_2846] Starting resume analysis...
2025-07-03 16:22:46,304 - INFO - RECEIVED: [req_1751539066_2846] Received JSON request with text length: 1034
2025-07-03 16:22:46,306 - INFO - PROCESSING: [req_1751539066_2846] Processing text: Curriculum Vitae
Personal Information
Name: Binita Sharma
Email: binita.sharma@email.com
Phone: +977...
2025-07-03 16:22:46,310 - INFO - ANALYZING: [req_1751539066_2846] Starting analysis pipeline...
2025-07-03 16:22:46,312 - INFO - ANALYZING: Extracting skills from text...
2025-07-03 16:22:46,384 - INFO - SUCCESS: Extracted 10 skills: ['github', 'matplotlib', 'sql', 'mysql', 'python', 'sales', 'statistics', 'numpy', 'r', 'pandas']...
2025-07-03 16:22:46,385 - INFO - ANALYZING: Extracting experience years from text...
2025-07-03 16:22:46,386 - INFO - SUCCESS: Extracted 4 total years of experience
2025-07-03 16:22:46,387 - INFO - ANALYZING: Extracting keywords from text...
2025-07-03 16:22:46,444 - INFO - SUCCESS: Extracted 20 keywords
2025-07-03 16:22:46,445 - INFO - ANALYZING: Predicting career domains...
2025-07-03 16:22:46,446 - INFO - SUCCESS: Predicted career domains: ['Data Science', 'Software Development', 'Finance']
2025-07-03 16:22:46,447 - INFO - ANALYZING: Identifying learning gaps...
2025-07-03 16:22:46,447 - INFO - SUCCESS: Identified 3 learning gaps
2025-07-03 16:22:46,448 - INFO - ANALYZING: Analyzing personality traits...
2025-07-03 16:22:46,449 - INFO - SUCCESS: Identified personality traits: ['Analytical', 'Creative']
2025-07-03 16:22:46,449 - INFO - ANALYZING: Categorizing skills...
2025-07-03 16:22:46,450 - INFO - SUCCESS: Categorized skills: 10 total
2025-07-03 16:22:46,451 - INFO - ANALYZING: Generating learning recommendations...
2025-07-03 16:22:46,451 - INFO - SUCCESS: Generated 5 learning recommendation sets
2025-07-03 16:22:46,452 - INFO - ANALYZING: Extracting education information...
2025-07-03 16:22:46,453 - INFO - SUCCESS: Extracted education info: 0 degrees, 1 institutions
2025-07-03 16:22:46,470 - INFO - DATABASE: Analysis saved for user 562edd17-5788-4c6c-b31c-94b0bfcd8e76
2025-07-03 16:22:46,471 - INFO - COMPLETED: [req_1751539066_2846] Analysis completed successfully in 150.00ms
2025-07-03 16:22:46,473 - INFO - RESULTS: [req_1751539066_2846] Results: 10 skills, 3 domains, 3 gaps
2025-07-03 16:22:46,475 - INFO - 127.0.0.1 - - [03/Jul/2025 16:22:46] "POST /analyze-resume HTTP/1.1" 200 -
2025-07-03 16:29:38,303 - INFO - HEALTH: Health check requested
2025-07-03 16:29:38,307 - INFO - 127.0.0.1 - - [03/Jul/2025 16:29:38] "GET /health HTTP/1.1" 200 -
2025-07-03 16:29:39,787 - INFO - HEALTH: Health check requested
2025-07-03 16:29:39,789 - INFO - 127.0.0.1 - - [03/Jul/2025 16:29:39] "GET /health HTTP/1.1" 200 -
2025-07-03 16:29:41,446 - INFO - HEALTH: Health check requested
2025-07-03 16:29:41,452 - INFO - 127.0.0.1 - - [03/Jul/2025 16:29:41] "GET /health HTTP/1.1" 200 -
2025-07-03 16:29:41,695 - INFO - STARTING: [req_1751539481_3749] Starting resume analysis...
2025-07-03 16:29:41,708 - INFO - RECEIVED: [req_1751539481_3749] Received JSON request with text length: 972
2025-07-03 16:29:41,709 - INFO - PROCESSING: [req_1751539481_3749] Processing text: Curriculum Vitae
Personal Information
Name: Aayush Karki
Email: aayush.karki@email.com
Phone: +977-9...
2025-07-03 16:29:41,717 - INFO - ANALYZING: [req_1751539481_3749] Starting analysis pipeline...
2025-07-03 16:29:41,719 - INFO - ANALYZING: Extracting skills from text...
2025-07-03 16:29:41,823 - INFO - SUCCESS: Extracted 7 skills: ['javascript', 'github', 'authentication', 'react', 'figma', 'git', 'typescript']...
2025-07-03 16:29:41,824 - INFO - ANALYZING: Extracting experience years from text...
2025-07-03 16:29:41,826 - INFO - SUCCESS: Extracted 4 total years of experience
2025-07-03 16:29:41,827 - INFO - ANALYZING: Extracting keywords from text...
2025-07-03 16:29:41,924 - INFO - SUCCESS: Extracted 20 keywords
2025-07-03 16:29:41,925 - INFO - ANALYZING: Predicting career domains...
2025-07-03 16:29:41,927 - INFO - SUCCESS: Predicted career domains: ['Software Development', 'Design & Creative', 'Marketing']
2025-07-03 16:29:41,930 - INFO - ANALYZING: Identifying learning gaps...
2025-07-03 16:29:41,932 - INFO - SUCCESS: Identified 3 learning gaps
2025-07-03 16:29:41,933 - INFO - ANALYZING: Analyzing personality traits...
2025-07-03 16:29:41,934 - INFO - SUCCESS: Identified personality traits: ['Creative', 'Collaborative', 'Adaptable']
2025-07-03 16:29:41,935 - INFO - ANALYZING: Categorizing skills...
2025-07-03 16:29:41,935 - INFO - SUCCESS: Categorized skills: 7 total
2025-07-03 16:29:41,936 - INFO - ANALYZING: Generating learning recommendations...
2025-07-03 16:29:41,937 - INFO - SUCCESS: Generated 3 learning recommendation sets
2025-07-03 16:29:41,938 - INFO - ANALYZING: Extracting education information...
2025-07-03 16:29:41,943 - INFO - SUCCESS: Extracted education info: 0 degrees, 1 institutions
2025-07-03 16:29:41,961 - INFO - DATABASE: Analysis saved for user 0dbf3088-6ffb-46a4-9149-2f8fd06046c7
2025-07-03 16:29:41,964 - INFO - COMPLETED: [req_1751539481_3749] Analysis completed successfully in 250.00ms
2025-07-03 16:29:41,965 - INFO - RESULTS: [req_1751539481_3749] Results: 7 skills, 3 domains, 3 gaps
2025-07-03 16:29:41,972 - INFO - 127.0.0.1 - - [03/Jul/2025 16:29:41] "POST /analyze-resume HTTP/1.1" 200 -
2025-07-03 16:35:46,900 - INFO - HEALTH: Health check requested
2025-07-03 16:35:46,907 - INFO - 127.0.0.1 - - [03/Jul/2025 16:35:46] "GET /health HTTP/1.1" 200 -
2025-07-03 16:35:47,015 - INFO - STARTING: [req_1751539847_8761] Starting resume analysis...
2025-07-03 16:35:47,017 - INFO - RECEIVED: [req_1751539847_8761] Received JSON request with text length: 972
2025-07-03 16:35:47,027 - INFO - PROCESSING: [req_1751539847_8761] Processing text: Curriculum Vitae
Personal Information
Name: Aayush Karki
Email: aayush.karki@email.com
Phone: +977-9...
2025-07-03 16:35:47,029 - INFO - ANALYZING: [req_1751539847_8761] Starting analysis pipeline...
2025-07-03 16:35:47,030 - INFO - ANALYZING: Extracting skills from text...
2025-07-03 16:35:47,112 - INFO - SUCCESS: Extracted 7 skills: ['javascript', 'github', 'authentication', 'react', 'figma', 'git', 'typescript']...
2025-07-03 16:35:47,113 - INFO - ANALYZING: Extracting experience years from text...
2025-07-03 16:35:47,113 - INFO - SUCCESS: Extracted 4 total years of experience
2025-07-03 16:35:47,114 - INFO - ANALYZING: Extracting keywords from text...
2025-07-03 16:35:47,176 - INFO - SUCCESS: Extracted 20 keywords
2025-07-03 16:35:47,177 - INFO - ANALYZING: Predicting career domains...
2025-07-03 16:35:47,178 - INFO - SUCCESS: Predicted career domains: ['Software Development', 'Design & Creative', 'Marketing']
2025-07-03 16:35:47,179 - INFO - ANALYZING: Identifying learning gaps...
2025-07-03 16:35:47,179 - INFO - SUCCESS: Identified 3 learning gaps
2025-07-03 16:35:47,180 - INFO - ANALYZING: Analyzing personality traits...
2025-07-03 16:35:47,181 - INFO - SUCCESS: Identified personality traits: ['Creative', 'Collaborative', 'Adaptable']
2025-07-03 16:35:47,181 - INFO - ANALYZING: Categorizing skills...
2025-07-03 16:35:47,182 - INFO - SUCCESS: Categorized skills: 7 total
2025-07-03 16:35:47,183 - INFO - ANALYZING: Generating learning recommendations...
2025-07-03 16:35:47,183 - INFO - SUCCESS: Generated 3 learning recommendation sets
2025-07-03 16:35:47,184 - INFO - ANALYZING: Extracting education information...
2025-07-03 16:35:47,186 - INFO - SUCCESS: Extracted education info: 0 degrees, 1 institutions
2025-07-03 16:35:47,203 - INFO - DATABASE: Analysis saved for user ed20f00d-3507-413d-9f1e-e7a2e9e8b757
2025-07-03 16:35:47,204 - INFO - COMPLETED: [req_1751539847_8761] Analysis completed successfully in 171.99ms
2025-07-03 16:35:47,205 - INFO - RESULTS: [req_1751539847_8761] Results: 7 skills, 3 domains, 3 gaps
2025-07-03 16:35:47,206 - INFO - 127.0.0.1 - - [03/Jul/2025 16:35:47] "POST /analyze-resume HTTP/1.1" 200 -
2025-07-03 16:55:45,617 - INFO - HEALTH: Health check requested
2025-07-03 16:55:45,618 - INFO - 127.0.0.1 - - [03/Jul/2025 16:55:45] "GET /health HTTP/1.1" 200 -
2025-07-03 16:55:45,980 - INFO - STARTING: [req_1751541045_1173] Starting resume analysis...
2025-07-03 16:55:45,981 - INFO - RECEIVED: [req_1751541045_1173] Received JSON request with text length: 1034
2025-07-03 16:55:45,982 - INFO - PROCESSING: [req_1751541045_1173] Processing text: Curriculum Vitae
Personal Information
Name: Binita Sharma
Email: binita.sharma@email.com
Phone: +977...
2025-07-03 16:55:45,984 - INFO - ANALYZING: [req_1751541045_1173] Starting analysis pipeline...
2025-07-03 16:55:45,984 - INFO - ANALYZING: Extracting skills from text...
2025-07-03 16:55:46,062 - INFO - SUCCESS: Extracted 10 skills: ['github', 'matplotlib', 'sql', 'mysql', 'python', 'sales', 'statistics', 'numpy', 'r', 'pandas']...
2025-07-03 16:55:46,063 - INFO - ANALYZING: Extracting experience years from text...
2025-07-03 16:55:46,064 - INFO - SUCCESS: Extracted 4 total years of experience
2025-07-03 16:55:46,065 - INFO - ANALYZING: Extracting keywords from text...
2025-07-03 16:55:46,124 - INFO - SUCCESS: Extracted 20 keywords
2025-07-03 16:55:46,124 - INFO - ANALYZING: Predicting career domains...
2025-07-03 16:55:46,126 - INFO - SUCCESS: Predicted career domains: ['Data Science', 'Software Development', 'Finance']
2025-07-03 16:55:46,126 - INFO - ANALYZING: Identifying learning gaps...
2025-07-03 16:55:46,127 - INFO - SUCCESS: Identified 3 learning gaps
2025-07-03 16:55:46,127 - INFO - ANALYZING: Analyzing personality traits...
2025-07-03 16:55:46,128 - INFO - SUCCESS: Identified personality traits: ['Analytical', 'Creative']
2025-07-03 16:55:46,128 - INFO - ANALYZING: Categorizing skills...
2025-07-03 16:55:46,129 - INFO - SUCCESS: Categorized skills: 10 total
2025-07-03 16:55:46,130 - INFO - ANALYZING: Generating learning recommendations...
2025-07-03 16:55:46,131 - INFO - SUCCESS: Generated 5 learning recommendation sets
2025-07-03 16:55:46,132 - INFO - ANALYZING: Extracting education information...
2025-07-03 16:55:46,132 - INFO - SUCCESS: Extracted education info: 0 degrees, 1 institutions
2025-07-03 16:55:46,145 - INFO - DATABASE: Analysis saved for user 2957d876-0b9d-4143-83aa-865b8a34fea9
2025-07-03 16:55:46,147 - INFO - COMPLETED: [req_1751541045_1173] Analysis completed successfully in 153.00ms
2025-07-03 16:55:46,149 - INFO - RESULTS: [req_1751541045_1173] Results: 10 skills, 3 domains, 3 gaps
2025-07-03 16:55:46,153 - INFO - 127.0.0.1 - - [03/Jul/2025 16:55:46] "POST /analyze-resume HTTP/1.1" 200 -
2025-07-03 16:56:53,968 - INFO - HEALTH: Health check requested
2025-07-03 16:56:53,970 - INFO - 127.0.0.1 - - [03/Jul/2025 16:56:53] "GET /health HTTP/1.1" 200 -
2025-07-03 16:56:54,069 - INFO - STARTING: [req_1751541114_306] Starting resume analysis...
2025-07-03 16:56:54,078 - INFO - RECEIVED: [req_1751541114_306] Received JSON request with text length: 1610
2025-07-03 16:56:54,079 - INFO - PROCESSING: [req_1751541114_306] Processing text: Curriculum Vitae - Pramod Singh
Personal Information
Name: Pramod Singh
Email: pramod.singh@email.co...
2025-07-03 16:56:54,080 - INFO - ANALYZING: [req_1751541114_306] Starting analysis pipeline...
2025-07-03 16:56:54,081 - INFO - ANALYZING: Extracting skills from text...
2025-07-03 16:56:54,284 - INFO - SUCCESS: Extracted 14 skills: ['react', 'c++', 'javascript', 'php', 'scikit-learn', 'github', 'mysql', 'mongodb', 'teamwork', 'communication']...
2025-07-03 16:56:54,285 - INFO - ANALYZING: Extracting experience years from text...
2025-07-03 16:56:54,286 - INFO - SUCCESS: Extracted 6 total years of experience
2025-07-03 16:56:54,287 - INFO - ANALYZING: Extracting keywords from text...
2025-07-03 16:56:54,367 - INFO - SUCCESS: Extracted 20 keywords
2025-07-03 16:56:54,368 - INFO - ANALYZING: Predicting career domains...
2025-07-03 16:56:54,369 - INFO - SUCCESS: Predicted career domains: ['Software Development', 'Data Science', 'Finance']
2025-07-03 16:56:54,370 - INFO - ANALYZING: Identifying learning gaps...
2025-07-03 16:56:54,371 - INFO - SUCCESS: Identified 3 learning gaps
2025-07-03 16:56:54,372 - INFO - ANALYZING: Analyzing personality traits...
2025-07-03 16:56:54,374 - INFO - SUCCESS: Identified personality traits: ['Adaptable', 'Leadership', 'Collaborative']
2025-07-03 16:56:54,375 - INFO - ANALYZING: Categorizing skills...
2025-07-03 16:56:54,375 - INFO - SUCCESS: Categorized skills: 14 total
2025-07-03 16:56:54,376 - INFO - ANALYZING: Generating learning recommendations...
2025-07-03 16:56:54,376 - INFO - SUCCESS: Generated 3 learning recommendation sets
2025-07-03 16:56:54,377 - INFO - ANALYZING: Extracting education information...
2025-07-03 16:56:54,378 - INFO - SUCCESS: Extracted education info: 0 degrees, 1 institutions
2025-07-03 16:56:54,395 - INFO - DATABASE: Analysis saved for user 8016bd05-65f6-450d-a2c2-9766e24795b3
2025-07-03 16:56:54,396 - INFO - COMPLETED: [req_1751541114_306] Analysis completed successfully in 313.00ms
2025-07-03 16:56:54,397 - INFO - RESULTS: [req_1751541114_306] Results: 14 skills, 3 domains, 3 gaps
2025-07-03 16:56:54,399 - INFO - 127.0.0.1 - - [03/Jul/2025 16:56:54] "POST /analyze-resume HTTP/1.1" 200 -
2025-07-03 17:00:30,764 - INFO - HEALTH: Health check requested
2025-07-03 17:00:30,771 - INFO - 127.0.0.1 - - [03/Jul/2025 17:00:30] "GET /health HTTP/1.1" 200 -
2025-07-03 17:00:31,110 - INFO - STARTING: [req_1751541331_8531] Starting resume analysis...
2025-07-03 17:00:31,111 - INFO - RECEIVED: [req_1751541331_8531] Received JSON request with text length: 972
2025-07-03 17:00:31,112 - INFO - PROCESSING: [req_1751541331_8531] Processing text: Curriculum Vitae
Personal Information
Name: Aayush Karki
Email: aayush.karki@email.com
Phone: +977-9...
2025-07-03 17:00:31,113 - INFO - ANALYZING: [req_1751541331_8531] Starting analysis pipeline...
2025-07-03 17:00:31,121 - INFO - ANALYZING: Extracting skills from text...
2025-07-03 17:00:31,184 - INFO - SUCCESS: Extracted 7 skills: ['javascript', 'github', 'authentication', 'react', 'figma', 'git', 'typescript']...
2025-07-03 17:00:31,185 - INFO - ANALYZING: Extracting experience years from text...
2025-07-03 17:00:31,185 - INFO - SUCCESS: Extracted 4 total years of experience
2025-07-03 17:00:31,186 - INFO - ANALYZING: Extracting keywords from text...
2025-07-03 17:00:31,240 - INFO - SUCCESS: Extracted 20 keywords
2025-07-03 17:00:31,241 - INFO - ANALYZING: Predicting career domains...
2025-07-03 17:00:31,242 - INFO - SUCCESS: Predicted career domains: ['Software Development', 'Design & Creative', 'Marketing']
2025-07-03 17:00:31,242 - INFO - ANALYZING: Identifying learning gaps...
2025-07-03 17:00:31,243 - INFO - SUCCESS: Identified 3 learning gaps
2025-07-03 17:00:31,244 - INFO - ANALYZING: Analyzing personality traits...
2025-07-03 17:00:31,244 - INFO - SUCCESS: Identified personality traits: ['Creative', 'Collaborative', 'Adaptable']
2025-07-03 17:00:31,245 - INFO - ANALYZING: Categorizing skills...
2025-07-03 17:00:31,246 - INFO - SUCCESS: Categorized skills: 7 total
2025-07-03 17:00:31,247 - INFO - ANALYZING: Generating learning recommendations...
2025-07-03 17:00:31,249 - INFO - SUCCESS: Generated 3 learning recommendation sets
2025-07-03 17:00:31,250 - INFO - ANALYZING: Extracting education information...
2025-07-03 17:00:31,251 - INFO - SUCCESS: Extracted education info: 0 degrees, 1 institutions
2025-07-03 17:00:31,266 - INFO - DATABASE: Analysis saved for user 03c53c62-5d43-47fb-a0db-03fe94638963
2025-07-03 17:00:31,268 - INFO - COMPLETED: [req_1751541331_8531] Analysis completed successfully in 142.00ms
2025-07-03 17:00:31,269 - INFO - RESULTS: [req_1751541331_8531] Results: 7 skills, 3 domains, 3 gaps
2025-07-03 17:00:31,270 - INFO - 127.0.0.1 - - [03/Jul/2025 17:00:31] "POST /analyze-resume HTTP/1.1" 200 -
2025-07-03 17:04:43,945 - INFO - Loading spaCy model...
2025-07-03 17:04:44,980 - INFO - SUCCESS: spaCy model loaded successfully
2025-07-03 17:04:44,987 - INFO - STARTING: Starting Enhanced Resume Analyzer API...
2025-07-03 17:04:44,987 - INFO - DATABASE: Initializing SQLite database...
2025-07-03 17:04:44,994 - INFO - DATABASE: Database initialized successfully
2025-07-03 17:04:44,995 - INFO - FEATURES: Enhanced features available:
2025-07-03 17:04:44,996 - INFO -   - 12 Career Domains
2025-07-03 17:04:44,996 - INFO -   - 3 Skill Categories
2025-07-03 17:04:44,997 - INFO -   - 6 Personality Traits
2025-07-03 17:04:44,998 - INFO -   - 6 Learning Resource Categories
2025-07-03 17:04:45,000 - INFO - ENDPOINTS: Available endpoints:
2025-07-03 17:04:45,003 - INFO -   - POST /analyze-resume - Enhanced resume analysis with personality, skills categorization, and learning recommendations
2025-07-03 17:04:45,005 - INFO -   - POST /skill-analysis - Detailed skill analysis and categorization
2025-07-03 17:04:45,006 - INFO -   - GET  /history - Get analysis history for a user
2025-07-03 17:04:45,008 - INFO -   - GET  /user-stats - Get user statistics
2025-07-03 17:04:45,011 - INFO -   - POST /generate-session - Generate new session ID
2025-07-03 17:04:45,013 - INFO -   - GET  /health - Health check and feature information
2025-07-03 17:04:45,016 - INFO -   - GET  /dashboard - User dashboard analytics
2025-07-03 17:04:45,088 - INFO - [31m[1mWARNING: This is a development server. Do not use it in a production deployment. Use a production WSGI server instead.[0m
 * Running on all addresses (0.0.0.0)
 * Running on http://127.0.0.1:5001
 * Running on http://192.168.18.190:5001
2025-07-03 17:04:45,090 - INFO - [33mPress CTRL+C to quit[0m
2025-07-03 17:05:13,535 - INFO - HEALTH: Health check requested
2025-07-03 17:05:13,536 - INFO - 127.0.0.1 - - [03/Jul/2025 17:05:13] "GET /health HTTP/1.1" 200 -
2025-07-03 17:05:13,637 - INFO - STARTING: [req_1751541613_1950] Starting resume analysis...
2025-07-03 17:05:13,638 - INFO - RECEIVED: [req_1751541613_1950] Received JSON request with text length: 1034
2025-07-03 17:05:13,639 - INFO - PROCESSING: [req_1751541613_1950] Processing text: Curriculum Vitae
Personal Information
Name: Binita Sharma
Email: binita.sharma@email.com
Phone: +977...
2025-07-03 17:05:13,640 - INFO - ANALYZING: [req_1751541613_1950] Starting analysis pipeline...
2025-07-03 17:05:13,641 - INFO - ANALYZING: Extracting skills from text...
2025-07-03 17:05:13,736 - INFO - SUCCESS: Extracted 10 skills: ['python', 'r', 'mysql', 'sql', 'matplotlib', 'github', 'sales', 'numpy', 'statistics', 'pandas']...
2025-07-03 17:05:13,737 - INFO - ANALYZING: Extracting experience years from text...
2025-07-03 17:05:13,743 - INFO - SUCCESS: Extracted 4 total years of experience
2025-07-03 17:05:13,744 - INFO - ANALYZING: Extracting keywords from text...
2025-07-03 17:05:13,809 - INFO - SUCCESS: Extracted 20 keywords
2025-07-03 17:05:13,810 - INFO - ANALYZING: Predicting career domains...
2025-07-03 17:05:13,811 - INFO - SUCCESS: Predicted career domains: ['Data Science', 'Software Development', 'Finance']
2025-07-03 17:05:13,812 - INFO - ANALYZING: Identifying learning gaps...
2025-07-03 17:05:13,813 - INFO - SUCCESS: Identified 3 learning gaps
2025-07-03 17:05:13,813 - INFO - ANALYZING: Analyzing personality traits...
2025-07-03 17:05:13,814 - INFO - SUCCESS: Identified personality traits: ['Analytical', 'Creative']
2025-07-03 17:05:13,814 - INFO - ANALYZING: Categorizing skills...
2025-07-03 17:05:13,815 - INFO - SUCCESS: Categorized skills: 10 total
2025-07-03 17:05:13,816 - INFO - ANALYZING: Generating learning recommendations...
2025-07-03 17:05:13,817 - INFO - SUCCESS: Generated 5 learning recommendation sets
2025-07-03 17:05:13,818 - INFO - ANALYZING: Extracting education information...
2025-07-03 17:05:13,820 - INFO - SUCCESS: Extracted education info: 0 degrees, 1 institutions
2025-07-03 17:05:13,837 - INFO - DATABASE: Analysis saved for user 90b18751-6b12-45b9-8d9b-ea9bc6ef8af4
2025-07-03 17:05:13,838 - INFO - COMPLETED: [req_1751541613_1950] Analysis completed successfully in 184.00ms
2025-07-03 17:05:13,839 - INFO - RESULTS: [req_1751541613_1950] Results: 10 skills, 3 domains, 3 gaps
2025-07-03 17:05:13,840 - INFO - 127.0.0.1 - - [03/Jul/2025 17:05:13] "POST /analyze-resume HTTP/1.1" 200 -
2025-07-03 17:42:25,627 - INFO - HEALTH: Health check requested
2025-07-03 17:42:25,629 - INFO - 127.0.0.1 - - [03/Jul/2025 17:42:25] "GET /health HTTP/1.1" 200 -
2025-07-03 17:42:26,892 - INFO - HEALTH: Health check requested
2025-07-03 17:42:26,893 - INFO - 127.0.0.1 - - [03/Jul/2025 17:42:26] "GET /health HTTP/1.1" 200 -
2025-07-03 17:42:27,804 - INFO - HEALTH: Health check requested
2025-07-03 17:42:27,807 - INFO - 127.0.0.1 - - [03/Jul/2025 17:42:27] "GET /health HTTP/1.1" 200 -
2025-07-03 17:42:27,981 - INFO - STARTING: [req_1751543847_6949] Starting resume analysis...
2025-07-03 17:42:27,983 - INFO - RECEIVED: [req_1751543847_6949] Received JSON request with text length: 972
2025-07-03 17:42:27,984 - INFO - PROCESSING: [req_1751543847_6949] Processing text: Curriculum Vitae
Personal Information
Name: Aayush Karki
Email: aayush.karki@email.com
Phone: +977-9...
2025-07-03 17:42:27,988 - INFO - ANALYZING: [req_1751543847_6949] Starting analysis pipeline...
2025-07-03 17:42:27,989 - INFO - ANALYZING: Extracting skills from text...
2025-07-03 17:42:28,067 - INFO - SUCCESS: Extracted 7 skills: ['javascript', 'github', 'figma', 'authentication', 'typescript', 'git', 'react']...
2025-07-03 17:42:28,068 - INFO - ANALYZING: Extracting experience years from text...
2025-07-03 17:42:28,069 - INFO - SUCCESS: Extracted 4 total years of experience
2025-07-03 17:42:28,070 - INFO - ANALYZING: Extracting keywords from text...
2025-07-03 17:42:28,128 - INFO - SUCCESS: Extracted 20 keywords
2025-07-03 17:42:28,128 - INFO - ANALYZING: Predicting career domains...
2025-07-03 17:42:28,130 - INFO - SUCCESS: Predicted career domains: ['Software Development', 'Design & Creative', 'Marketing']
2025-07-03 17:42:28,131 - INFO - ANALYZING: Identifying learning gaps...
2025-07-03 17:42:28,132 - INFO - SUCCESS: Identified 3 learning gaps
2025-07-03 17:42:28,132 - INFO - ANALYZING: Analyzing personality traits...
2025-07-03 17:42:28,133 - INFO - SUCCESS: Identified personality traits: ['Creative', 'Collaborative', 'Adaptable']
2025-07-03 17:42:28,134 - INFO - ANALYZING: Categorizing skills...
2025-07-03 17:42:28,135 - INFO - SUCCESS: Categorized skills: 7 total
2025-07-03 17:42:28,135 - INFO - ANALYZING: Generating learning recommendations...
2025-07-03 17:42:28,136 - INFO - SUCCESS: Generated 3 learning recommendation sets
2025-07-03 17:42:28,136 - INFO - ANALYZING: Extracting education information...
2025-07-03 17:42:28,137 - INFO - SUCCESS: Extracted education info: 0 degrees, 1 institutions
2025-07-03 17:42:28,160 - INFO - DATABASE: Analysis saved for user 45a674a3-df31-40eb-9b81-440382f28564
2025-07-03 17:42:28,161 - INFO - COMPLETED: [req_1751543847_6949] Analysis completed successfully in 157.00ms
2025-07-03 17:42:28,164 - INFO - RESULTS: [req_1751543847_6949] Results: 7 skills, 3 domains, 3 gaps
2025-07-03 17:42:28,165 - INFO - 127.0.0.1 - - [03/Jul/2025 17:42:28] "POST /analyze-resume HTTP/1.1" 200 -
2025-07-03 17:43:34,177 - INFO - HEALTH: Health check requested
2025-07-03 17:43:34,179 - INFO - 127.0.0.1 - - [03/Jul/2025 17:43:34] "GET /health HTTP/1.1" 200 -
2025-07-03 17:43:35,470 - INFO - HEALTH: Health check requested
2025-07-03 17:43:35,472 - INFO - 127.0.0.1 - - [03/Jul/2025 17:43:35] "GET /health HTTP/1.1" 200 -
2025-07-03 17:43:35,641 - INFO - STARTING: [req_1751543915_3017] Starting resume analysis...
2025-07-03 17:43:35,642 - INFO - RECEIVED: [req_1751543915_3017] Received JSON request with text length: 972
2025-07-03 17:43:35,643 - INFO - PROCESSING: [req_1751543915_3017] Processing text: Curriculum Vitae
Personal Information
Name: Aayush Karki
Email: aayush.karki@email.com
Phone: +977-9...
2025-07-03 17:43:35,645 - INFO - ANALYZING: [req_1751543915_3017] Starting analysis pipeline...
2025-07-03 17:43:35,648 - INFO - ANALYZING: Extracting skills from text...
2025-07-03 17:43:35,717 - INFO - SUCCESS: Extracted 7 skills: ['javascript', 'github', 'figma', 'authentication', 'typescript', 'git', 'react']...
2025-07-03 17:43:35,718 - INFO - ANALYZING: Extracting experience years from text...
2025-07-03 17:43:35,718 - INFO - SUCCESS: Extracted 4 total years of experience
2025-07-03 17:43:35,719 - INFO - ANALYZING: Extracting keywords from text...
2025-07-03 17:43:35,772 - INFO - SUCCESS: Extracted 20 keywords
2025-07-03 17:43:35,772 - INFO - ANALYZING: Predicting career domains...
2025-07-03 17:43:35,773 - INFO - SUCCESS: Predicted career domains: ['Software Development', 'Design & Creative', 'Marketing']
2025-07-03 17:43:35,774 - INFO - ANALYZING: Identifying learning gaps...
2025-07-03 17:43:35,774 - INFO - SUCCESS: Identified 3 learning gaps
2025-07-03 17:43:35,775 - INFO - ANALYZING: Analyzing personality traits...
2025-07-03 17:43:35,775 - INFO - SUCCESS: Identified personality traits: ['Creative', 'Collaborative', 'Adaptable']
2025-07-03 17:43:35,776 - INFO - ANALYZING: Categorizing skills...
2025-07-03 17:43:35,779 - INFO - SUCCESS: Categorized skills: 7 total
2025-07-03 17:43:35,781 - INFO - ANALYZING: Generating learning recommendations...
2025-07-03 17:43:35,782 - INFO - SUCCESS: Generated 3 learning recommendation sets
2025-07-03 17:43:35,782 - INFO - ANALYZING: Extracting education information...
2025-07-03 17:43:35,783 - INFO - SUCCESS: Extracted education info: 0 degrees, 1 institutions
2025-07-03 17:43:35,800 - INFO - DATABASE: Analysis saved for user 56068dc9-5771-403c-b700-6919b3570d3f
2025-07-03 17:43:35,801 - INFO - COMPLETED: [req_1751543915_3017] Analysis completed successfully in 142.00ms
2025-07-03 17:43:35,802 - INFO - RESULTS: [req_1751543915_3017] Results: 7 skills, 3 domains, 3 gaps
2025-07-03 17:43:35,804 - INFO - 127.0.0.1 - - [03/Jul/2025 17:43:35] "POST /analyze-resume HTTP/1.1" 200 -
